Build started 5/15/2015 3:54:09 PM.
     1>Project "C:\Users\Ryan\Documents\Visual Studio 2013\Projects\Project3TripleGame\Project3TripleGame\Project3TripleGame.vcxproj" on node 2 (Build target(s)).
     1>ClCompile:
         C:\Program Files (x86)\Microsoft Visual Studio 12.0\VC\bin\CL.exe /c /ZI /nologo /W3 /WX- /sdl /Od /Oy- /D WIN32 /D _DEBUG /D _CONSOLE /D _LIB /D _UNICODE /D UNICODE /Gm /EHsc /RTC1 /MDd /GS /fp:precise /Zc:wchar_t /Zc:forScope /Fo"Debug\\" /Fd"Debug\vc120.pdb" /Gd /TP /analyze- /errorReport:prompt main3.cpp
         main3.cpp
     1>c:\users\ryan\documents\visual studio 2013\projects\project3triplegame\project3triplegame\main3.cpp(84): warning C4018: '>' : signed/unsigned mismatch
     1>c:\users\ryan\documents\visual studio 2013\projects\project3triplegame\project3triplegame\main3.cpp(76): warning C4101: 'e' : unreferenced local variable
       Link:
         C:\Program Files (x86)\Microsoft Visual Studio 12.0\VC\bin\link.exe /ERRORREPORT:PROMPT /OUT:"C:\Users\Ryan\Documents\Visual Studio 2013\Projects\Project3TripleGame\Project3TripleGame\Debug\Project3TripleGame.exe" /INCREMENTAL /NOLOGO kernel32.lib user32.lib gdi32.lib winspool.lib comdlg32.lib advapi32.lib shell32.lib ole32.lib oleaut32.lib uuid.lib odbc32.lib odbccp32.lib /MANIFEST /MANIFESTUAC:"level='asInvoker' uiAccess='false'" /manifest:embed /DEBUG /PDB:"C:\Users\Ryan\Documents\Visual Studio 2013\Projects\Project3TripleGame\Project3TripleGame\Debug\Project3TripleGame.pdb" /SUBSYSTEM:CONSOLE /TLBID:1 /DYNAMICBASE /NXCOMPAT /IMPLIB:"C:\Users\Ryan\Documents\Visual Studio 2013\Projects\Project3TripleGame\Project3TripleGame\Debug\Project3TripleGame.lib" /MACHINE:X86 Debug\ConnectFourBoard.obj
         Debug\ConnectFourMove.obj
         Debug\ConnectFourView.obj
         Debug\Main.obj
         Debug\main2.obj
         Debug\main3.obj
         Debug\OthelloBoard.obj
         Debug\OthelloMove.obj
         Debug\OthelloView.obj
         Debug\TicTacToeBoard.obj
         Debug\TicTacToeMove.obj
         Debug\TicTacToeView.obj
         Project3TripleGame.vcxproj -> C:\Users\Ryan\Documents\Visual Studio 2013\Projects\Project3TripleGame\Project3TripleGame\Debug\Project3TripleGame.exe
     1>Done Building Project "C:\Users\Ryan\Documents\Visual Studio 2013\Projects\Project3TripleGame\Project3TripleGame\Project3TripleGame.vcxproj" (Build target(s)).

Build succeeded.

Time Elapsed 00:00:32.23
