Build started 5/13/2015 11:41:37 PM.
     1>Project "C:\Users\Ryan\documents\visual studio 2013\Projects\Project3TripleGame\Project3TripleGame\Project3TripleGame.vcxproj" on node 2 (Build target(s)).
     1>ClCompile:
         C:\Program Files (x86)\Microsoft Visual Studio 12.0\VC\bin\CL.exe /c /ZI /nologo /W3 /WX- /sdl /Od /Oy- /D WIN32 /D _DEBUG /D _CONSOLE /D _LIB /D _UNICODE /D UNICODE /Gm /EHsc /RTC1 /MDd /GS /fp:precise /Zc:wchar_t /Zc:forScope /Fo"Debug\\" /Fd"Debug\vc120.pdb" /Gd /TP /analyze- /errorReport:prompt Main.cpp OthelloBoard.cpp OthelloMove.cpp OthelloView.cpp
         Main.cpp
     1>c:\users\ryan\documents\visual studio 2013\projects\project3triplegame\project3triplegame\main.cpp(105): warning C4018: '>' : signed/unsigned mismatch
         Generating Code...
         Compiling...
         OthelloView.cpp
         OthelloMove.cpp
         OthelloBoard.cpp
         Generating Code...
       Link:
         C:\Program Files (x86)\Microsoft Visual Studio 12.0\VC\bin\link.exe /ERRORREPORT:PROMPT /OUT:"C:\Users\Ryan\documents\visual studio 2013\Projects\Project3TripleGame\Debug\Project3TripleGame.exe" /INCREMENTAL /NOLOGO kernel32.lib user32.lib gdi32.lib winspool.lib comdlg32.lib advapi32.lib shell32.lib ole32.lib oleaut32.lib uuid.lib odbc32.lib odbccp32.lib /MANIFEST /MANIFESTUAC:"level='asInvoker' uiAccess='false'" /manifest:embed /DEBUG /PDB:"C:\Users\Ryan\documents\visual studio 2013\Projects\Project3TripleGame\Debug\Project3TripleGame.pdb" /SUBSYSTEM:CONSOLE /TLBID:1 /DYNAMICBASE /NXCOMPAT /IMPLIB:"C:\Users\Ryan\documents\visual studio 2013\Projects\Project3TripleGame\Debug\Project3TripleGame.lib" /MACHINE:X86 Debug\Main.obj
         Debug\OthelloBoard.obj
         Debug\OthelloMove.obj
         Debug\OthelloView.obj
         Debug\TicTacToeBoard.obj
         Debug\TicTacToeMove.obj
         Debug\TicTacToeView.obj
     1>OthelloBoard.obj : error LNK2001: unresolved external symbol "public: static int OthelloMove::mOnHeap" (?mOnHeap@OthelloMove@@2HA)
     1>OthelloMove.obj : error LNK2001: unresolved external symbol "public: static int OthelloMove::mOnHeap" (?mOnHeap@OthelloMove@@2HA)
     1>C:\Users\Ryan\documents\visual studio 2013\Projects\Project3TripleGame\Debug\Project3TripleGame.exe : fatal error LNK1120: 1 unresolved externals
     1>Done Building Project "C:\Users\Ryan\documents\visual studio 2013\Projects\Project3TripleGame\Project3TripleGame\Project3TripleGame.vcxproj" (Build target(s)) -- FAILED.

Build FAILED.

Time Elapsed 00:00:03.57
