Build started 4/14/2015 12:55:11 AM.
     1>Project "C:\Users\Ryan\documents\visual studio 2013\Projects\Lab6\Lab6\Lab6.vcxproj" on node 2 (Build target(s)).
     1>ClCompile:
         C:\Program Files (x86)\Microsoft Visual Studio 12.0\VC\bin\CL.exe /c /ZI /nologo /W3 /WX- /sdl /Od /Oy- /D WIN32 /D _DEBUG /D _CONSOLE /D _LIB /D _UNICODE /D UNICODE /Gm /EHsc /RTC1 /MDd /GS /fp:precise /Zc:wchar_t /Zc:forScope /Fo"Debug\\" /Fd"Debug\vc120.pdb" /Gd /TP /analyze- /errorReport:prompt Rational.cpp RationalArray.cpp RationalTester.cpp
         Rational.cpp
     1>c:\users\ryan\documents\visual studio 2013\projects\lab6\lab6\rational.cpp(119): warning C4172: returning address of local variable or temporary
         Generating Code...
         Compiling...
         RationalTester.cpp
     1>c:\users\ryan\documents\visual studio 2013\projects\lab6\lab6\rationaltester.cpp(39): warning C4101: 'ex' : unreferenced local variable
         RationalArray.cpp
         Generating Code...
       Link:
         C:\Program Files (x86)\Microsoft Visual Studio 12.0\VC\bin\link.exe /ERRORREPORT:PROMPT /OUT:"C:\Users\Ryan\documents\visual studio 2013\Projects\Lab6\Debug\Lab6.exe" /INCREMENTAL /NOLOGO kernel32.lib user32.lib gdi32.lib winspool.lib comdlg32.lib advapi32.lib shell32.lib ole32.lib oleaut32.lib uuid.lib odbc32.lib odbccp32.lib /MANIFEST /MANIFESTUAC:"level='asInvoker' uiAccess='false'" /manifest:embed /DEBUG /PDB:"C:\Users\Ryan\documents\visual studio 2013\Projects\Lab6\Debug\Lab6.pdb" /SUBSYSTEM:CONSOLE /TLBID:1 /DYNAMICBASE /NXCOMPAT /IMPLIB:"C:\Users\Ryan\documents\visual studio 2013\Projects\Lab6\Debug\Lab6.lib" /MACHINE:X86 Debug\Rational.obj
         Debug\RationalTester.obj
         Debug\RationalArray.obj
         Lab6.vcxproj -> C:\Users\Ryan\documents\visual studio 2013\Projects\Lab6\Debug\Lab6.exe
     1>Done Building Project "C:\Users\Ryan\documents\visual studio 2013\Projects\Lab6\Lab6\Lab6.vcxproj" (Build target(s)).

Build succeeded.

Time Elapsed 00:00:01.88
